{"C:\\Users\\agustin\\Documents\\Projects\\FULLSTACK-OPEN\\part5\\bloglist-frontend\\src\\App.js": {"path":"C:\\Users\\agustin\\Documents\\Projects\\FULLSTACK-OPEN\\part5\\bloglist-frontend\\src\\App.js","statementMap":{"0":{"start":{"line":12,"column":12},"end":{"line":139,"column":1}},"1":{"start":{"line":13,"column":28},"end":{"line":13,"column":40}},"2":{"start":{"line":14,"column":34},"end":{"line":14,"column":46}},"3":{"start":{"line":15,"column":34},"end":{"line":15,"column":46}},"4":{"start":{"line":16,"column":26},"end":{"line":16,"column":40}},"5":{"start":{"line":17,"column":42},"end":{"line":17,"column":56}},"6":{"start":{"line":19,"column":2},"end":{"line":21,"column":9}},"7":{"start":{"line":20,"column":4},"end":{"line":20,"column":58}},"8":{"start":{"line":20,"column":41},"end":{"line":20,"column":56}},"9":{"start":{"line":23,"column":2},"end":{"line":30,"column":9}},"10":{"start":{"line":24,"column":27},"end":{"line":24,"column":75}},"11":{"start":{"line":25,"column":4},"end":{"line":29,"column":5}},"12":{"start":{"line":26,"column":19},"end":{"line":26,"column":45}},"13":{"start":{"line":27,"column":6},"end":{"line":27,"column":20}},"14":{"start":{"line":28,"column":6},"end":{"line":28,"column":39}},"15":{"start":{"line":32,"column":22},"end":{"line":32,"column":30}},"16":{"start":{"line":34,"column":17},"end":{"line":39,"column":3}},"17":{"start":{"line":35,"column":4},"end":{"line":35,"column":39}},"18":{"start":{"line":36,"column":4},"end":{"line":38,"column":13}},"19":{"start":{"line":37,"column":6},"end":{"line":37,"column":28}},"20":{"start":{"line":41,"column":22},"end":{"line":54,"column":3}},"21":{"start":{"line":42,"column":4},"end":{"line":42,"column":27}},"22":{"start":{"line":43,"column":4},"end":{"line":53,"column":5}},"23":{"start":{"line":44,"column":19},"end":{"line":44,"column":67}},"24":{"start":{"line":45,"column":6},"end":{"line":45,"column":77}},"25":{"start":{"line":46,"column":6},"end":{"line":46,"column":39}},"26":{"start":{"line":47,"column":6},"end":{"line":47,"column":38}},"27":{"start":{"line":48,"column":6},"end":{"line":48,"column":20}},"28":{"start":{"line":49,"column":6},"end":{"line":49,"column":22}},"29":{"start":{"line":50,"column":6},"end":{"line":50,"column":22}},"30":{"start":{"line":52,"column":6},"end":{"line":52,"column":52}},"31":{"start":{"line":56,"column":23},"end":{"line":60,"column":3}},"32":{"start":{"line":57,"column":4},"end":{"line":57,"column":36}},"33":{"start":{"line":58,"column":4},"end":{"line":58,"column":32}},"34":{"start":{"line":59,"column":4},"end":{"line":59,"column":18}},"35":{"start":{"line":62,"column":18},"end":{"line":71,"column":3}},"36":{"start":{"line":63,"column":4},"end":{"line":63,"column":43}},"37":{"start":{"line":65,"column":4},"end":{"line":70,"column":7}},"38":{"start":{"line":66,"column":6},"end":{"line":66,"column":43}},"39":{"start":{"line":67,"column":6},"end":{"line":69,"column":8}},"40":{"start":{"line":73,"column":19},"end":{"line":86,"column":3}},"41":{"start":{"line":74,"column":4},"end":{"line":83,"column":6}},"42":{"start":{"line":75,"column":6},"end":{"line":82,"column":7}},"43":{"start":{"line":77,"column":10},"end":{"line":79,"column":11}},"44":{"start":{"line":78,"column":12},"end":{"line":78,"column":58}},"45":{"start":{"line":80,"column":10},"end":{"line":80,"column":22}},"46":{"start":{"line":85,"column":4},"end":{"line":85,"column":54}},"47":{"start":{"line":85,"column":34},"end":{"line":85,"column":51}},"48":{"start":{"line":88,"column":21},"end":{"line":99,"column":3}},"49":{"start":{"line":89,"column":25},"end":{"line":89,"column":61}},"50":{"start":{"line":89,"column":46},"end":{"line":89,"column":60}},"51":{"start":{"line":90,"column":15},"end":{"line":92,"column":5}},"52":{"start":{"line":93,"column":4},"end":{"line":98,"column":5}},"53":{"start":{"line":94,"column":6},"end":{"line":97,"column":9}},"54":{"start":{"line":95,"column":8},"end":{"line":95,"column":57}},"55":{"start":{"line":95,"column":40},"end":{"line":95,"column":54}},"56":{"start":{"line":96,"column":8},"end":{"line":96,"column":48}},"57":{"start":{"line":101,"column":2},"end":{"line":138,"column":4}},"58":{"start":{"line":111,"column":50},"end":{"line":111,"column":75}},"59":{"start":{"line":112,"column":50},"end":{"line":112,"column":75}},"60":{"start":{"line":120,"column":35},"end":{"line":120,"column":49}},"61":{"start":{"line":127,"column":12},"end":{"line":133,"column":14}}},"fnMap":{"0":{"name":"(anonymous_0)","decl":{"start":{"line":12,"column":12},"end":{"line":12,"column":13}},"loc":{"start":{"line":12,"column":18},"end":{"line":139,"column":1}},"line":12},"1":{"name":"(anonymous_1)","decl":{"start":{"line":19,"column":12},"end":{"line":19,"column":13}},"loc":{"start":{"line":19,"column":18},"end":{"line":21,"column":3}},"line":19},"2":{"name":"(anonymous_2)","decl":{"start":{"line":20,"column":30},"end":{"line":20,"column":31}},"loc":{"start":{"line":20,"column":41},"end":{"line":20,"column":56}},"line":20},"3":{"name":"(anonymous_3)","decl":{"start":{"line":23,"column":12},"end":{"line":23,"column":13}},"loc":{"start":{"line":23,"column":18},"end":{"line":30,"column":3}},"line":23},"4":{"name":"(anonymous_4)","decl":{"start":{"line":34,"column":17},"end":{"line":34,"column":18}},"loc":{"start":{"line":34,"column":45},"end":{"line":39,"column":3}},"line":34},"5":{"name":"(anonymous_5)","decl":{"start":{"line":36,"column":15},"end":{"line":36,"column":16}},"loc":{"start":{"line":36,"column":21},"end":{"line":38,"column":5}},"line":36},"6":{"name":"(anonymous_6)","decl":{"start":{"line":41,"column":22},"end":{"line":41,"column":23}},"loc":{"start":{"line":41,"column":39},"end":{"line":54,"column":3}},"line":41},"7":{"name":"(anonymous_7)","decl":{"start":{"line":56,"column":23},"end":{"line":56,"column":24}},"loc":{"start":{"line":56,"column":29},"end":{"line":60,"column":3}},"line":56},"8":{"name":"(anonymous_8)","decl":{"start":{"line":62,"column":18},"end":{"line":62,"column":19}},"loc":{"start":{"line":62,"column":34},"end":{"line":71,"column":3}},"line":62},"9":{"name":"(anonymous_9)","decl":{"start":{"line":65,"column":40},"end":{"line":65,"column":41}},"loc":{"start":{"line":65,"column":58},"end":{"line":70,"column":5}},"line":65},"10":{"name":"(anonymous_10)","decl":{"start":{"line":73,"column":19},"end":{"line":73,"column":20}},"loc":{"start":{"line":73,"column":44},"end":{"line":86,"column":3}},"line":73},"11":{"name":"(anonymous_11)","decl":{"start":{"line":74,"column":43},"end":{"line":74,"column":44}},"loc":{"start":{"line":75,"column":6},"end":{"line":82,"column":7}},"line":75},"12":{"name":"(anonymous_12)","decl":{"start":{"line":76,"column":18},"end":{"line":76,"column":19}},"loc":{"start":{"line":76,"column":28},"end":{"line":81,"column":9}},"line":76},"13":{"name":"(anonymous_13)","decl":{"start":{"line":85,"column":24},"end":{"line":85,"column":25}},"loc":{"start":{"line":85,"column":34},"end":{"line":85,"column":51}},"line":85},"14":{"name":"(anonymous_14)","decl":{"start":{"line":88,"column":21},"end":{"line":88,"column":22}},"loc":{"start":{"line":88,"column":29},"end":{"line":99,"column":3}},"line":88},"15":{"name":"(anonymous_15)","decl":{"start":{"line":89,"column":36},"end":{"line":89,"column":37}},"loc":{"start":{"line":89,"column":46},"end":{"line":89,"column":60}},"line":89},"16":{"name":"(anonymous_16)","decl":{"start":{"line":94,"column":34},"end":{"line":94,"column":35}},"loc":{"start":{"line":94,"column":40},"end":{"line":97,"column":7}},"line":94},"17":{"name":"(anonymous_17)","decl":{"start":{"line":95,"column":30},"end":{"line":95,"column":31}},"loc":{"start":{"line":95,"column":40},"end":{"line":95,"column":54}},"line":95},"18":{"name":"(anonymous_18)","decl":{"start":{"line":111,"column":34},"end":{"line":111,"column":35}},"loc":{"start":{"line":111,"column":50},"end":{"line":111,"column":75}},"line":111},"19":{"name":"(anonymous_19)","decl":{"start":{"line":112,"column":34},"end":{"line":112,"column":35}},"loc":{"start":{"line":112,"column":50},"end":{"line":112,"column":75}},"line":112},"20":{"name":"(anonymous_20)","decl":{"start":{"line":120,"column":29},"end":{"line":120,"column":30}},"loc":{"start":{"line":120,"column":35},"end":{"line":120,"column":49}},"line":120},"21":{"name":"(anonymous_21)","decl":{"start":{"line":126,"column":21},"end":{"line":126,"column":22}},"loc":{"start":{"line":127,"column":12},"end":{"line":133,"column":14}},"line":127}},"branchMap":{"0":{"loc":{"start":{"line":25,"column":4},"end":{"line":29,"column":5}},"type":"if","locations":[{"start":{"line":25,"column":4},"end":{"line":29,"column":5}},{"start":{},"end":{}}],"line":25},"1":{"loc":{"start":{"line":34,"column":27},"end":{"line":34,"column":40}},"type":"default-arg","locations":[{"start":{"line":34,"column":34},"end":{"line":34,"column":40}}],"line":34},"2":{"loc":{"start":{"line":77,"column":10},"end":{"line":79,"column":11}},"type":"if","locations":[{"start":{"line":77,"column":10},"end":{"line":79,"column":11}},{"start":{},"end":{}}],"line":77},"3":{"loc":{"start":{"line":93,"column":4},"end":{"line":98,"column":5}},"type":"if","locations":[{"start":{"line":93,"column":4},"end":{"line":98,"column":5}},{"start":{},"end":{}}],"line":93},"4":{"loc":{"start":{"line":106,"column":7},"end":{"line":136,"column":7}},"type":"cond-expr","locations":[{"start":{"line":107,"column":8},"end":{"line":115,"column":20}},{"start":{"line":117,"column":8},"end":{"line":135,"column":14}}],"line":106}},"s":{"0":0,"1":0,"2":0,"3":0,"4":0,"5":0,"6":0,"7":0,"8":0,"9":0,"10":0,"11":0,"12":0,"13":0,"14":0,"15":0,"16":0,"17":0,"18":0,"19":0,"20":0,"21":0,"22":0,"23":0,"24":0,"25":0,"26":0,"27":0,"28":0,"29":0,"30":0,"31":0,"32":0,"33":0,"34":0,"35":0,"36":0,"37":0,"38":0,"39":0,"40":0,"41":0,"42":0,"43":0,"44":0,"45":0,"46":0,"47":0,"48":0,"49":0,"50":0,"51":0,"52":0,"53":0,"54":0,"55":0,"56":0,"57":0,"58":0,"59":0,"60":0,"61":0},"f":{"0":0,"1":0,"2":0,"3":0,"4":0,"5":0,"6":0,"7":0,"8":0,"9":0,"10":0,"11":0,"12":0,"13":0,"14":0,"15":0,"16":0,"17":0,"18":0,"19":0,"20":0,"21":0},"b":{"0":[0,0],"1":[0],"2":[0,0],"3":[0,0],"4":[0,0]}}
,"C:\\Users\\agustin\\Documents\\Projects\\FULLSTACK-OPEN\\part5\\bloglist-frontend\\src\\index.js": {"path":"C:\\Users\\agustin\\Documents\\Projects\\FULLSTACK-OPEN\\part5\\bloglist-frontend\\src\\index.js","statementMap":{"0":{"start":{"line":5,"column":0},"end":{"line":5,"column":68}}},"fnMap":{},"branchMap":{},"s":{"0":0},"f":{},"b":{}}
,"C:\\Users\\agustin\\Documents\\Projects\\FULLSTACK-OPEN\\part5\\bloglist-frontend\\src\\components\\Blog.js": {"path":"C:\\Users\\agustin\\Documents\\Projects\\FULLSTACK-OPEN\\part5\\bloglist-frontend\\src\\components\\Blog.js","statementMap":{"0":{"start":{"line":3,"column":13},"end":{"line":60,"column":1}},"1":{"start":{"line":4,"column":32},"end":{"line":4,"column":47}},"2":{"start":{"line":6,"column":26},"end":{"line":6,"column":60}},"3":{"start":{"line":7,"column":26},"end":{"line":7,"column":60}},"4":{"start":{"line":9,"column":27},"end":{"line":11,"column":3}},"5":{"start":{"line":10,"column":4},"end":{"line":10,"column":25}},"6":{"start":{"line":13,"column":20},"end":{"line":19,"column":3}},"7":{"start":{"line":21,"column":22},"end":{"line":30,"column":3}},"8":{"start":{"line":22,"column":22},"end":{"line":28,"column":5}},"9":{"start":{"line":29,"column":4},"end":{"line":29,"column":36}},"10":{"start":{"line":32,"column":2},"end":{"line":59,"column":4}},"11":{"start":{"line":55,"column":33},"end":{"line":55,"column":54}}},"fnMap":{"0":{"name":"(anonymous_0)","decl":{"start":{"line":3,"column":13},"end":{"line":3,"column":14}},"loc":{"start":{"line":3,"column":60},"end":{"line":60,"column":1}},"line":3},"1":{"name":"(anonymous_1)","decl":{"start":{"line":9,"column":27},"end":{"line":9,"column":28}},"loc":{"start":{"line":9,"column":33},"end":{"line":11,"column":3}},"line":9},"2":{"name":"(anonymous_2)","decl":{"start":{"line":21,"column":22},"end":{"line":21,"column":23}},"loc":{"start":{"line":21,"column":28},"end":{"line":30,"column":3}},"line":21},"3":{"name":"(anonymous_3)","decl":{"start":{"line":55,"column":27},"end":{"line":55,"column":28}},"loc":{"start":{"line":55,"column":33},"end":{"line":55,"column":54}},"line":55}},"branchMap":{"0":{"loc":{"start":{"line":6,"column":37},"end":{"line":6,"column":58}},"type":"cond-expr","locations":[{"start":{"line":6,"column":47},"end":{"line":6,"column":53}},{"start":{"line":6,"column":56},"end":{"line":6,"column":58}}],"line":6},"1":{"loc":{"start":{"line":7,"column":37},"end":{"line":7,"column":58}},"type":"cond-expr","locations":[{"start":{"line":7,"column":47},"end":{"line":7,"column":49}},{"start":{"line":7,"column":52},"end":{"line":7,"column":58}}],"line":7},"2":{"loc":{"start":{"line":54,"column":9},"end":{"line":56,"column":9}},"type":"binary-expr","locations":[{"start":{"line":54,"column":9},"end":{"line":54,"column":45}},{"start":{"line":55,"column":10},"end":{"line":55,"column":71}}],"line":54}},"s":{"0":1,"1":5,"2":5,"3":5,"4":5,"5":2,"6":5,"7":5,"8":2,"9":2,"10":5,"11":0},"f":{"0":5,"1":2,"2":2,"3":0},"b":{"0":[2,3],"1":[2,3],"2":[5,5]},"_coverageSchema":"1a1c01bbd47fc00a2c39e90264f33305004495a9","hash":"87b6c675aeaee8ca5fbd346fe95171badff3a524"}
,"C:\\Users\\agustin\\Documents\\Projects\\FULLSTACK-OPEN\\part5\\bloglist-frontend\\src\\components\\BlogForm.js": {"path":"C:\\Users\\agustin\\Documents\\Projects\\FULLSTACK-OPEN\\part5\\bloglist-frontend\\src\\components\\BlogForm.js","statementMap":{"0":{"start":{"line":3,"column":17},"end":{"line":62,"column":1}},"1":{"start":{"line":4,"column":28},"end":{"line":4,"column":40}},"2":{"start":{"line":5,"column":24},"end":{"line":5,"column":36}},"3":{"start":{"line":6,"column":30},"end":{"line":6,"column":42}},"4":{"start":{"line":8,"column":18},"end":{"line":19,"column":3}},"5":{"start":{"line":9,"column":4},"end":{"line":9,"column":27}},"6":{"start":{"line":10,"column":4},"end":{"line":14,"column":7}},"7":{"start":{"line":16,"column":4},"end":{"line":16,"column":17}},"8":{"start":{"line":17,"column":4},"end":{"line":17,"column":15}},"9":{"start":{"line":18,"column":4},"end":{"line":18,"column":18}},"10":{"start":{"line":21,"column":2},"end":{"line":61,"column":4}},"11":{"start":{"line":30,"column":14},"end":{"line":30,"column":37}},"12":{"start":{"line":41,"column":14},"end":{"line":41,"column":38}},"13":{"start":{"line":52,"column":14},"end":{"line":52,"column":35}}},"fnMap":{"0":{"name":"(anonymous_0)","decl":{"start":{"line":3,"column":17},"end":{"line":3,"column":18}},"loc":{"start":{"line":3,"column":37},"end":{"line":62,"column":1}},"line":3},"1":{"name":"(anonymous_1)","decl":{"start":{"line":8,"column":18},"end":{"line":8,"column":19}},"loc":{"start":{"line":8,"column":29},"end":{"line":19,"column":3}},"line":8},"2":{"name":"(anonymous_2)","decl":{"start":{"line":29,"column":22},"end":{"line":29,"column":23}},"loc":{"start":{"line":29,"column":38},"end":{"line":31,"column":13}},"line":29},"3":{"name":"(anonymous_3)","decl":{"start":{"line":40,"column":22},"end":{"line":40,"column":23}},"loc":{"start":{"line":40,"column":38},"end":{"line":42,"column":13}},"line":40},"4":{"name":"(anonymous_4)","decl":{"start":{"line":51,"column":22},"end":{"line":51,"column":23}},"loc":{"start":{"line":51,"column":38},"end":{"line":53,"column":13}},"line":51}},"branchMap":{},"s":{"0":1,"1":81,"2":81,"3":81,"4":81,"5":1,"6":1,"7":1,"8":1,"9":1,"10":81,"11":15,"12":13,"13":51},"f":{"0":81,"1":1,"2":15,"3":13,"4":51},"b":{},"_coverageSchema":"1a1c01bbd47fc00a2c39e90264f33305004495a9","hash":"1072564742858c7ad425a9e4af0c2fafd497b0ba"}
,"C:\\Users\\agustin\\Documents\\Projects\\FULLSTACK-OPEN\\part5\\bloglist-frontend\\src\\components\\LoginForm.js": {"path":"C:\\Users\\agustin\\Documents\\Projects\\FULLSTACK-OPEN\\part5\\bloglist-frontend\\src\\components\\LoginForm.js","statementMap":{"0":{"start":{"line":3,"column":18},"end":{"line":31,"column":1}},"1":{"start":{"line":10,"column":2},"end":{"line":30,"column":4}},"2":{"start":{"line":33,"column":0},"end":{"line":39,"column":2}}},"fnMap":{"0":{"name":"(anonymous_0)","decl":{"start":{"line":3,"column":18},"end":{"line":3,"column":19}},"loc":{"start":{"line":9,"column":6},"end":{"line":31,"column":1}},"line":9}},"branchMap":{},"s":{"0":0,"1":0,"2":0},"f":{"0":0},"b":{}}
,"C:\\Users\\agustin\\Documents\\Projects\\FULLSTACK-OPEN\\part5\\bloglist-frontend\\src\\components\\Notification.js": {"path":"C:\\Users\\agustin\\Documents\\Projects\\FULLSTACK-OPEN\\part5\\bloglist-frontend\\src\\components\\Notification.js","statementMap":{"0":{"start":{"line":1,"column":21},"end":{"line":17,"column":1}},"1":{"start":{"line":2,"column":2},"end":{"line":4,"column":3}},"2":{"start":{"line":3,"column":4},"end":{"line":3,"column":16}},"3":{"start":{"line":6,"column":16},"end":{"line":14,"column":3}},"4":{"start":{"line":16,"column":2},"end":{"line":16,"column":57}}},"fnMap":{"0":{"name":"(anonymous_0)","decl":{"start":{"line":1,"column":21},"end":{"line":1,"column":22}},"loc":{"start":{"line":1,"column":43},"end":{"line":17,"column":1}},"line":1}},"branchMap":{"0":{"loc":{"start":{"line":2,"column":2},"end":{"line":4,"column":3}},"type":"if","locations":[{"start":{"line":2,"column":2},"end":{"line":4,"column":3}},{"start":{},"end":{}}],"line":2},"1":{"loc":{"start":{"line":7,"column":11},"end":{"line":7,"column":58}},"type":"cond-expr","locations":[{"start":{"line":7,"column":43},"end":{"line":7,"column":48}},{"start":{"line":7,"column":51},"end":{"line":7,"column":58}}],"line":7}},"s":{"0":0,"1":0,"2":0,"3":0,"4":0},"f":{"0":0},"b":{"0":[0,0],"1":[0,0]}}
,"C:\\Users\\agustin\\Documents\\Projects\\FULLSTACK-OPEN\\part5\\bloglist-frontend\\src\\components\\Togglable.js": {"path":"C:\\Users\\agustin\\Documents\\Projects\\FULLSTACK-OPEN\\part5\\bloglist-frontend\\src\\components\\Togglable.js","statementMap":{"0":{"start":{"line":3,"column":18},"end":{"line":28,"column":2}},"1":{"start":{"line":4,"column":32},"end":{"line":4,"column":47}},"2":{"start":{"line":6,"column":26},"end":{"line":6,"column":60}},"3":{"start":{"line":7,"column":26},"end":{"line":7,"column":60}},"4":{"start":{"line":9,"column":27},"end":{"line":11,"column":3}},"5":{"start":{"line":10,"column":4},"end":{"line":10,"column":25}},"6":{"start":{"line":13,"column":2},"end":{"line":15,"column":5}},"7":{"start":{"line":14,"column":4},"end":{"line":14,"column":32}},"8":{"start":{"line":17,"column":2},"end":{"line":27,"column":4}},"9":{"start":{"line":30,"column":0},"end":{"line":30,"column":36}}},"fnMap":{"0":{"name":"(anonymous_0)","decl":{"start":{"line":3,"column":29},"end":{"line":3,"column":30}},"loc":{"start":{"line":3,"column":46},"end":{"line":28,"column":1}},"line":3},"1":{"name":"(anonymous_1)","decl":{"start":{"line":9,"column":27},"end":{"line":9,"column":28}},"loc":{"start":{"line":9,"column":33},"end":{"line":11,"column":3}},"line":9},"2":{"name":"(anonymous_2)","decl":{"start":{"line":13,"column":28},"end":{"line":13,"column":29}},"loc":{"start":{"line":13,"column":34},"end":{"line":15,"column":3}},"line":13}},"branchMap":{"0":{"loc":{"start":{"line":6,"column":37},"end":{"line":6,"column":58}},"type":"cond-expr","locations":[{"start":{"line":6,"column":47},"end":{"line":6,"column":53}},{"start":{"line":6,"column":56},"end":{"line":6,"column":58}}],"line":6},"1":{"loc":{"start":{"line":7,"column":37},"end":{"line":7,"column":58}},"type":"cond-expr","locations":[{"start":{"line":7,"column":47},"end":{"line":7,"column":49}},{"start":{"line":7,"column":52},"end":{"line":7,"column":58}}],"line":7}},"s":{"0":0,"1":0,"2":0,"3":0,"4":0,"5":0,"6":0,"7":0,"8":0,"9":0},"f":{"0":0,"1":0,"2":0},"b":{"0":[0,0],"1":[0,0]}}
,"C:\\Users\\agustin\\Documents\\Projects\\FULLSTACK-OPEN\\part5\\bloglist-frontend\\src\\services\\blogs.js": {"path":"C:\\Users\\agustin\\Documents\\Projects\\FULLSTACK-OPEN\\part5\\bloglist-frontend\\src\\services\\blogs.js","statementMap":{"0":{"start":{"line":2,"column":16},"end":{"line":2,"column":28}},"1":{"start":{"line":4,"column":12},"end":{"line":4,"column":16}},"2":{"start":{"line":6,"column":17},"end":{"line":8,"column":1}},"3":{"start":{"line":7,"column":2},"end":{"line":7,"column":31}},"4":{"start":{"line":10,"column":15},"end":{"line":13,"column":1}},"5":{"start":{"line":11,"column":19},"end":{"line":11,"column":43}},"6":{"start":{"line":12,"column":2},"end":{"line":12,"column":23}},"7":{"start":{"line":15,"column":15},"end":{"line":19,"column":1}},"8":{"start":{"line":16,"column":17},"end":{"line":16,"column":54}},"9":{"start":{"line":17,"column":19},"end":{"line":17,"column":63}},"10":{"start":{"line":18,"column":2},"end":{"line":18,"column":23}},"11":{"start":{"line":21,"column":15},"end":{"line":24,"column":1}},"12":{"start":{"line":22,"column":19},"end":{"line":22,"column":65}},"13":{"start":{"line":23,"column":2},"end":{"line":23,"column":23}},"14":{"start":{"line":26,"column":15},"end":{"line":30,"column":1}},"15":{"start":{"line":27,"column":17},"end":{"line":27,"column":54}},"16":{"start":{"line":28,"column":19},"end":{"line":28,"column":65}},"17":{"start":{"line":29,"column":2},"end":{"line":29,"column":23}},"18":{"start":{"line":32,"column":20},"end":{"line":32,"column":64}}},"fnMap":{"0":{"name":"(anonymous_0)","decl":{"start":{"line":6,"column":17},"end":{"line":6,"column":18}},"loc":{"start":{"line":6,"column":31},"end":{"line":8,"column":1}},"line":6},"1":{"name":"(anonymous_1)","decl":{"start":{"line":10,"column":15},"end":{"line":10,"column":16}},"loc":{"start":{"line":10,"column":27},"end":{"line":13,"column":1}},"line":10},"2":{"name":"(anonymous_2)","decl":{"start":{"line":15,"column":15},"end":{"line":15,"column":16}},"loc":{"start":{"line":15,"column":36},"end":{"line":19,"column":1}},"line":15},"3":{"name":"(anonymous_3)","decl":{"start":{"line":21,"column":15},"end":{"line":21,"column":16}},"loc":{"start":{"line":21,"column":40},"end":{"line":24,"column":1}},"line":21},"4":{"name":"(anonymous_4)","decl":{"start":{"line":26,"column":15},"end":{"line":26,"column":16}},"loc":{"start":{"line":26,"column":29},"end":{"line":30,"column":1}},"line":26}},"branchMap":{},"s":{"0":0,"1":0,"2":0,"3":0,"4":0,"5":0,"6":0,"7":0,"8":0,"9":0,"10":0,"11":0,"12":0,"13":0,"14":0,"15":0,"16":0,"17":0,"18":0},"f":{"0":0,"1":0,"2":0,"3":0,"4":0},"b":{}}
,"C:\\Users\\agustin\\Documents\\Projects\\FULLSTACK-OPEN\\part5\\bloglist-frontend\\src\\services\\login.js": {"path":"C:\\Users\\agustin\\Documents\\Projects\\FULLSTACK-OPEN\\part5\\bloglist-frontend\\src\\services\\login.js","statementMap":{"0":{"start":{"line":2,"column":16},"end":{"line":2,"column":28}},"1":{"start":{"line":4,"column":14},"end":{"line":7,"column":1}},"2":{"start":{"line":5,"column":19},"end":{"line":5,"column":57}},"3":{"start":{"line":6,"column":2},"end":{"line":6,"column":23}},"4":{"start":{"line":9,"column":21},"end":{"line":9,"column":30}}},"fnMap":{"0":{"name":"(anonymous_0)","decl":{"start":{"line":4,"column":14},"end":{"line":4,"column":15}},"loc":{"start":{"line":4,"column":37},"end":{"line":7,"column":1}},"line":4}},"branchMap":{},"s":{"0":0,"1":0,"2":0,"3":0,"4":0},"f":{"0":0},"b":{}}
}
